c:\users\wazuki\desktop\final project 2016\rpg 2016\rpg 2016\debug\vc120.pdb
c:\users\wazuki\desktop\final project 2016\rpg 2016\rpg 2016\debug\vc120.idb
c:\users\wazuki\desktop\final project 2016\rpg 2016\rpg 2016\debug\location.obj
c:\users\wazuki\desktop\final project 2016\rpg 2016\rpg 2016\debug\main.obj
c:\users\wazuki\desktop\final project 2016\rpg 2016\rpg 2016\debug\character.obj
c:\users\wazuki\desktop\final project 2016\rpg 2016\rpg 2016\debug\enemy.obj
c:\users\wazuki\desktop\final project 2016\rpg 2016\rpg 2016\debug\player.obj
c:\users\wazuki\desktop\final project 2016\rpg 2016\rpg 2016\debug\item.obj
c:\users\wazuki\desktop\final project 2016\rpg 2016\rpg 2016\debug\weapon.obj
c:\users\wazuki\desktop\final project 2016\rpg 2016\rpg 2016\debug\armor.obj
c:\users\wazuki\desktop\final project 2016\rpg 2016\rpg 2016\debug\console.obj
c:\users\wazuki\desktop\final project 2016\rpg 2016\debug\rpg 2016.ilk
c:\users\wazuki\desktop\final project 2016\rpg 2016\debug\rpg 2016.exe
c:\users\wazuki\desktop\final project 2016\rpg 2016\debug\rpg 2016.pdb
c:\users\wazuki\desktop\final project 2016\rpg 2016\rpg 2016\debug\rpg 2016.tlog\cl.command.1.tlog
c:\users\wazuki\desktop\final project 2016\rpg 2016\rpg 2016\debug\rpg 2016.tlog\cl.read.1.tlog
c:\users\wazuki\desktop\final project 2016\rpg 2016\rpg 2016\debug\rpg 2016.tlog\cl.write.1.tlog
c:\users\wazuki\desktop\final project 2016\rpg 2016\rpg 2016\debug\rpg 2016.tlog\link.command.1.tlog
c:\users\wazuki\desktop\final project 2016\rpg 2016\rpg 2016\debug\rpg 2016.tlog\link.read.1.tlog
c:\users\wazuki\desktop\final project 2016\rpg 2016\rpg 2016\debug\rpg 2016.tlog\link.write.1.tlog
